This is pdfTeX, Version 3.141592653-2.6-1.40.25 (TeX Live 2023) (preloaded format=pdflatex 2023.10.31)  14 AUG 2024 04:47
entering extended mode
 restricted \write18 enabled.
 file:line:error style messages enabled.
 %&-line parsing enabled.
**d:/dev/Photon-v2/Main/docs/Common/latex/refman.tex
(d:/dev/Photon-v2/Main/docs/Common/latex/refman.tex
LaTeX2e <2023-06-01> patch level 1
L3 programming layer <2023-10-23>
(c:/texlive/2023/texmf-dist/tex/generic/iftex/iftex.sty
Package: iftex 2022/02/03 v1.0f TeX engine tests
) (c:/texlive/2023/texmf-dist/tex/latex/base/book.cls
Document Class: book 2023/05/17 v1.4n Standard LaTeX document class
(c:/texlive/2023/texmf-dist/tex/latex/base/bk10.clo
File: bk10.clo 2023/05/17 v1.4n Standard LaTeX file (size option)
)
\c@part=\count186
\c@chapter=\count187
\c@section=\count188
\c@subsection=\count189
\c@subsubsection=\count190
\c@paragraph=\count191
\c@subparagraph=\count192
\c@figure=\count193
\c@table=\count194
\abovecaptionskip=\skip48
\belowcaptionskip=\skip49
\bibindent=\dimen140
) (c:/texlive/2023/texmf-dist/tex/latex/base/ifthen.sty
Package: ifthen 2022/04/13 v1.1d Standard LaTeX ifthen package (DPC)
) (c:/texlive/2023/texmf-dist/tex/latex/tools/array.sty
Rollback for package 'array' requested -> date 2016-10-06.
         Best approximation is the release introduced on 2016-10-06.
 (c:/texlive/2023/texmf-dist/tex/latex/tools/array-2016-10-06.sty
Package: array 2016/10/06 v2.4d Tabular extension package (FMi)
\col@sep=\dimen141
\extrarowheight=\dimen142
\NC@list=\toks17
\extratabsurround=\skip50
\backup@length=\skip51
)) (c:/texlive/2023/texmf-dist/tex/generic/infwarerr/infwarerr.sty
package info suppressed
) (./doxygen.sty
Package: doxygen 
 (c:/texlive/2023/texmf-dist/tex/latex/base/alltt.sty
Package: alltt 2021/01/29 v2.0g defines alltt environment
) (c:/texlive/2023/texmf-dist/tex/latex/tools/calc.sty
Package: calc 2017/05/25 v4.3 Infix arithmetic (KKT,FJ)
\calc@Acount=\count195
\calc@Bcount=\count196
\calc@Adimen=\dimen143
\calc@Bdimen=\dimen144
\calc@Askip=\skip52
\calc@Bskip=\skip53
LaTeX Info: Redefining \setlength on input line 80.
LaTeX Info: Redefining \addtolength on input line 81.
\calc@Ccount=\count197
\calc@Cskip=\skip54
) (c:/texlive/2023/texmf-dist/tex/latex/float/float.sty
Package: float 2001/11/08 v1.3d Float enhancements (AL)
\c@float@type=\count198
\float@exts=\toks18
\float@box=\box51
\@float@everytoks=\toks19
\@floatcapt=\box52
) (c:/texlive/2023/texmf-dist/tex/latex/tools/verbatim.sty
Package: verbatim 2022-07-02 v1.5u LaTeX2e package for verbatim enhancements
\every@verbatim=\toks20
\verbatim@line=\toks21
\verbatim@in@stream=\read2
) (c:/texlive/2023/texmf-dist/tex/latex/xcolor/xcolor.sty
Package: xcolor 2022/06/12 v2.14 LaTeX color extensions (UK)
 (c:/texlive/2023/texmf-dist/tex/latex/graphics-cfg/color.cfg
File: color.cfg 2016/01/02 v1.6 sample color configuration
)
Package xcolor Info: Driver file: pdftex.def on input line 227.
 (c:/texlive/2023/texmf-dist/tex/latex/graphics-def/pdftex.def
File: pdftex.def 2022/09/22 v1.2b Graphics/color driver for pdftex
) (c:/texlive/2023/texmf-dist/tex/latex/colortbl/colortbl.sty
Package: colortbl 2022/06/20 v1.0f Color table columns (DPC)
\everycr=\toks22
\minrowclearance=\skip55
\rownum=\count199
) (c:/texlive/2023/texmf-dist/tex/latex/graphics/mathcolor.ltx)
Package xcolor Info: Model `cmy' substituted by `cmy0' on input line 1353.
Package xcolor Info: Model `hsb' substituted by `rgb' on input line 1357.
Package xcolor Info: Model `RGB' extended on input line 1369.
Package xcolor Info: Model `HTML' substituted by `rgb' on input line 1371.
Package xcolor Info: Model `Hsb' substituted by `hsb' on input line 1372.
Package xcolor Info: Model `tHsb' substituted by `hsb' on input line 1373.
Package xcolor Info: Model `HSB' substituted by `hsb' on input line 1374.
Package xcolor Info: Model `Gray' substituted by `gray' on input line 1375.
Package xcolor Info: Model `wave' substituted by `hsb' on input line 1376.
) (./longtable_doxygen.sty
Package: longtable_doxygen 2014/10/28 v4.11 Multi-page Table package (DPC) - frozen version for doxygen
\LTleft=\skip56
\LTright=\skip57
\LTpre=\skip58
\LTpost=\skip59
\LTchunksize=\count266
\LTcapwidth=\dimen145
\LT@head=\box53
\LT@firsthead=\box54
\LT@foot=\box55
\LT@lastfoot=\box56
\LT@cols=\count267
\LT@rows=\count268
\c@LT@tables=\count269
\c@LT@chunks=\count270
\LT@p@ftn=\toks23
) (./tabu_doxygen.sty
Package: tabu_doxygen 2011/02/26 v2.8 - flexible LaTeX tabulars (FC), frozen version for doxygen
 (c:/texlive/2023/texmf-dist/tex/latex/varwidth/varwidth.sty
Package: varwidth 2009/03/30 ver 0.92;  Variable-width minipages
\@vwid@box=\box57
\sift@deathcycles=\count271
\@vwid@loff=\dimen146
\@vwid@roff=\dimen147
)
\c@taburow=\count272
\tabu@nbcols=\count273
\tabu@cnt=\count274
\tabu@Xcol=\count275
\tabu@alloc=\count276
\tabu@nested=\count277
\tabu@target=\dimen148
\tabu@spreadtarget=\dimen149
\tabu@naturalX=\dimen150
\tabucolX=\dimen151
\tabu@Xsum=\dimen152
\extrarowdepth=\dimen153
\abovetabulinesep=\dimen154
\belowtabulinesep=\dimen155
\tabustrutrule=\dimen156
\tabu@thebody=\toks24
\tabu@footnotes=\toks25
\tabu@box=\box58
\tabu@arstrutbox=\box59
\tabu@hleads=\box60
\tabu@vleads=\box61
\tabu@cellskip=\skip60
) (c:/texlive/2023/texmf-dist/tex/latex/fancyvrb/fancyvrb.sty
Package: fancyvrb 2023/01/19 4.5a verbatim text (tvz,hv)
 (c:/texlive/2023/texmf-dist/tex/latex/graphics/keyval.sty
Package: keyval 2022/05/29 v1.15 key=value parser (DPC)
\KV@toks@=\toks26
)
\FV@CodeLineNo=\count278
\FV@InFile=\read3
\FV@TabBox=\box62
\c@FancyVerbLine=\count279
\FV@StepNumber=\count280
\FV@OutFile=\write3
) (c:/texlive/2023/texmf-dist/tex/latex/tools/tabularx.sty
Package: tabularx 2020/01/15 v2.11c `tabularx' package (DPC)
\TX@col@width=\dimen157
\TX@old@table=\dimen158
\TX@old@col=\dimen159
\TX@target=\dimen160
\TX@delta=\dimen161
\TX@cols=\count281
\TX@ftn=\toks27
) (c:/texlive/2023/texmf-dist/tex/latex/tools/multicol.sty
Package: multicol 2023/03/30 v1.9f multicolumn formatting (FMi)
\c@tracingmulticols=\count282
\mult@box=\box63
\multicol@leftmargin=\dimen162
\c@unbalance=\count283
\c@collectmore=\count284
\doublecol@number=\count285
\multicoltolerance=\count286
\multicolpretolerance=\count287
\full@width=\dimen163
\page@free=\dimen164
\premulticols=\dimen165
\postmulticols=\dimen166
\multicolsep=\skip61
\multicolbaselineskip=\skip62
\partial@page=\box64
\last@line=\box65
\mc@boxedresult=\box66
\maxbalancingoverflow=\dimen167
\mult@rightbox=\box67
\mult@grightbox=\box68
\mult@firstbox=\box69
\mult@gfirstbox=\box70
\@tempa=\box71
\@tempa=\box72
\@tempa=\box73
\@tempa=\box74
\@tempa=\box75
\@tempa=\box76
\@tempa=\box77
\@tempa=\box78
\@tempa=\box79
\@tempa=\box80
\@tempa=\box81
\@tempa=\box82
\@tempa=\box83
\@tempa=\box84
\@tempa=\box85
\@tempa=\box86
\@tempa=\box87
\@tempa=\box88
\@tempa=\box89
\@tempa=\box90
\@tempa=\box91
\@tempa=\box92
\@tempa=\box93
\@tempa=\box94
\@tempa=\box95
\@tempa=\box96
\@tempa=\box97
\@tempa=\box98
\@tempa=\box99
\@tempa=\box100
\@tempa=\box101
\@tempa=\box102
\@tempa=\box103
\@tempa=\box104
\@tempa=\box105
\@tempa=\box106
\c@minrows=\count288
\c@columnbadness=\count289
\c@finalcolumnbadness=\count290
\last@try=\dimen168
\multicolovershoot=\dimen169
\multicolundershoot=\dimen170
\mult@nat@firstbox=\box107
\colbreak@box=\box108
\mc@col@check@num=\count291
) (c:/texlive/2023/texmf-dist/tex/latex/multirow/multirow.sty
Package: multirow 2021/03/15 v2.8 Span multiple rows of a table
\multirow@colwidth=\skip63
\multirow@cntb=\count292
\multirow@dima=\skip64
\bigstrutjot=\dimen171
) (c:/texlive/2023/texmf-dist/tex/latex/hanging/hanging.sty
Package: hanging 2009/09/02 v1.2b hanging paragraphs and punctuation
\h@ngcommawd=\skip65
\h@ngfstopwd=\skip66
\h@ngquotewd=\skip67
\h@ngdquotewd=\skip68
\h@ngquerywd=\skip69
\h@ngexclwd=\skip70
\h@ngcolonwd=\skip71
\h@ngscolonwd=\skip72
) (c:/texlive/2023/texmf-dist/tex/generic/iftex/ifpdf.sty
Package: ifpdf 2019/10/25 v3.4 ifpdf legacy package. Use iftex instead.
) (c:/texlive/2023/texmf-dist/tex/latex/adjustbox/adjustbox.sty
Package: adjustbox 2022/10/17 v1.3a Adjusting TeX boxes (trim, clip, ...)
 (c:/texlive/2023/texmf-dist/tex/latex/xkeyval/xkeyval.sty
Package: xkeyval 2022/06/16 v2.9 package option processing (HA)
 (c:/texlive/2023/texmf-dist/tex/generic/xkeyval/xkeyval.tex (c:/texlive/2023/texmf-dist/tex/generic/xkeyval/xkvutils.tex
\XKV@toks=\toks28
\XKV@tempa@toks=\toks29
)
\XKV@depth=\count293
File: xkeyval.tex 2014/12/03 v2.7a key=value parser (HA)
)) (c:/texlive/2023/texmf-dist/tex/latex/adjustbox/adjcalc.sty
Package: adjcalc 2012/05/16 v1.1 Provides advanced setlength with multiple back-ends (calc, etex, pgfmath)
) (c:/texlive/2023/texmf-dist/tex/latex/adjustbox/trimclip.sty
Package: trimclip 2020/08/19 v1.2 Trim and clip general TeX material
 (c:/texlive/2023/texmf-dist/tex/latex/graphics/graphicx.sty
Package: graphicx 2021/09/16 v1.2d Enhanced LaTeX Graphics (DPC,SPQR)
 (c:/texlive/2023/texmf-dist/tex/latex/graphics/graphics.sty
Package: graphics 2022/03/10 v1.4e Standard LaTeX Graphics (DPC,SPQR)
 (c:/texlive/2023/texmf-dist/tex/latex/graphics/trig.sty
Package: trig 2021/08/11 v1.11 sin cos tan (DPC)
) (c:/texlive/2023/texmf-dist/tex/latex/graphics-cfg/graphics.cfg
File: graphics.cfg 2016/06/04 v1.11 sample graphics configuration
)
Package graphics Info: Driver file: pdftex.def on input line 107.
)
\Gin@req@height=\dimen172
\Gin@req@width=\dimen173
) (c:/texlive/2023/texmf-dist/tex/latex/collectbox/collectbox.sty
Package: collectbox 2022/10/17 v0.4c Collect macro arguments as boxes
\collectedbox=\box109
)
\tc@llx=\dimen174
\tc@lly=\dimen175
\tc@urx=\dimen176
\tc@ury=\dimen177
Package trimclip Info: Using driver 'tc-pdftex.def'.
 (c:/texlive/2023/texmf-dist/tex/latex/adjustbox/tc-pdftex.def
File: tc-pdftex.def 2019/01/04 v2.2 Clipping driver for pdftex
))
\adjbox@Width=\dimen178
\adjbox@Height=\dimen179
\adjbox@Depth=\dimen180
\adjbox@Totalheight=\dimen181
\adjbox@pwidth=\dimen182
\adjbox@pheight=\dimen183
\adjbox@pdepth=\dimen184
\adjbox@ptotalheight=\dimen185
 (c:/texlive/2023/texmf-dist/tex/latex/ifoddpage/ifoddpage.sty
Package: ifoddpage 2022/10/18 v1.2 Conditionals for odd/even page detection
\c@checkoddpage=\count294
)) (c:/texlive/2023/texmf-dist/tex/latex/amsfonts/amssymb.sty
Package: amssymb 2013/01/14 v3.01 AMS font symbols
 (c:/texlive/2023/texmf-dist/tex/latex/amsfonts/amsfonts.sty
Package: amsfonts 2013/01/14 v3.01 Basic AMSFonts support
\@emptytoks=\toks30
\symAMSa=\mathgroup4
\symAMSb=\mathgroup5
LaTeX Font Info:    Redeclaring math symbol \hbar on input line 98.
LaTeX Font Info:    Overwriting math alphabet `\mathfrak' in version `bold'
(Font)                  U/euf/m/n --> U/euf/b/n on input line 106.
)) (c:/texlive/2023/texmf-dist/tex/latex/stackengine/stackengine.sty
Package: stackengine 2021/07/22 v4.11\ Stacking text and objects in convenient ways
 (c:/texlive/2023/texmf-dist/tex/latex/etoolbox/etoolbox.sty
Package: etoolbox 2020/10/05 v2.5k e-TeX tools for LaTeX (JAW)
\etb@tempcnta=\count295
) (c:/texlive/2023/texmf-dist/tex/generic/listofitems/listofitems.sty (c:/texlive/2023/texmf-dist/tex/generic/listofitems/listofitems.tex
\loi_cnt_foreach_nest=\count296
\loi_nestcnt=\count297
)
Package: listofitems 2019/08/21 v1.63 Grab items in lists using user-specified sep char (CT)
)
\c@@stackindex=\count298
\@boxshift=\skip73
\stack@tmplength=\skip74
\temp@stkl=\skip75
\@stackedboxwidth=\skip76
\@addedbox=\box110
\@anchorbox=\box111
\@insetbox=\box112
\se@backgroundbox=\box113
\stackedbox=\box114
\@centerbox=\box115
\c@ROWcellindex@=\count299
) (c:/texlive/2023/texmf-dist/tex/latex/enumitem/enumitem.sty
Package: enumitem 2019/06/20 v3.9 Customized lists
\labelindent=\skip77
\enit@outerparindent=\dimen186
\enit@toks=\toks31
\enit@inbox=\box116
\enit@count@id=\count300
\enitdp@description=\count301
) (c:/texlive/2023/texmf-dist/tex/generic/alphalph/alphalph.sty
Package: alphalph 2019/12/09 v2.6 Convert numbers to letters (HO)
 (c:/texlive/2023/texmf-dist/tex/generic/intcalc/intcalc.sty
Package: intcalc 2019/12/15 v1.3 Expandable calculations with integers (HO)
)) (c:/texlive/2023/texmf-dist/tex/generic/ulem/ulem.sty
\UL@box=\box117
\UL@hyphenbox=\box118
\UL@skip=\skip78
\UL@hook=\toks32
\UL@height=\dimen187
\UL@pe=\count302
\UL@pixel=\dimen188
\ULC@box=\box119
Package: ulem 2019/11/18
\ULdepth=\dimen189
)
\xrefbox=\box120
\xreflength=\skip79
\CodeWidthChar=\skip80
\CodeHeightChar=\skip81
\DoxyCodeWidth=\skip82
\c@DoxyEnumeratei=\count303
\c@DoxyEnumerateii=\count304
\c@DoxyEnumerateiii=\count305
\c@DoxyEnumerateiv=\count306
\c@DoxyEnumeratev=\count307
\c@DoxyEnumeratevi=\count308
\c@DoxyEnumeratevii=\count309
\c@DoxyEnumerateviii=\count310
\c@DoxyEnumerateix=\count311
\c@DoxyEnumeratex=\count312
\c@DoxyEnumeratexi=\count313
\c@DoxyEnumeratexii=\count314
\enitdp@DoxyEnumerate=\count315
\enitdp@DoxyItemize=\count316
\c@subsubsubsection=\count317
\c@subsubsubsubsection=\count318
\c@subsubsubsubsubsection=\count319
\c@subsubsubsubsubsubsection=\count320
) (c:/texlive/2023/texmf-dist/tex/latex/base/inputenc.sty
Package: inputenc 2021/02/14 v1.3d Input encoding file
\inpenc@prehook=\toks33
\inpenc@posthook=\toks34
) (c:/texlive/2023/texmf-dist/tex/latex/base/makeidx.sty
Package: makeidx 2021/10/04 v1.0m Standard LaTeX package
) (c:/texlive/2023/texmf-dist/tex/latex/base/textcomp.sty
Package: textcomp 2020/02/02 v2.0n Standard LaTeX package
) (c:/texlive/2023/texmf-dist/tex/latex/wasysym/wasysym.sty
Package: wasysym 2020/01/19 v2.4 Wasy-2 symbol support package
\symwasy=\mathgroup6
LaTeX Font Info:    Overwriting symbol font `wasy' in version `bold'
(Font)                  U/wasy/m/n --> U/wasy/b/n on input line 93.
) (c:/texlive/2023/texmf-dist/tex/generic/iftex/ifxetex.sty
Package: ifxetex 2019/10/25 v0.7 ifxetex legacy package. Use iftex instead.
) (c:/texlive/2023/texmf-dist/tex/latex/base/fontenc.sty
Package: fontenc 2021/04/29 v2.0v Standard LaTeX package
) (c:/texlive/2023/texmf-dist/tex/latex/psnfss/helvet.sty
Package: helvet 2020/03/25 PSNFSS-v9.3 (WaS) 
) (c:/texlive/2023/texmf-dist/tex/latex/psnfss/courier.sty
Package: courier 2020/03/25 PSNFSS-v9.3 (WaS) 
) (c:/texlive/2023/texmf-dist/tex/latex/geometry/geometry.sty
Package: geometry 2020/01/02 v5.9 Page Geometry
 (c:/texlive/2023/texmf-dist/tex/generic/iftex/ifvtex.sty
Package: ifvtex 2019/10/25 v1.7 ifvtex legacy package. Use iftex instead.
)
\Gm@cnth=\count321
\Gm@cntv=\count322
\c@Gm@tempcnt=\count323
\Gm@bindingoffset=\dimen190
\Gm@wd@mp=\dimen191
\Gm@odd@mp=\dimen192
\Gm@even@mp=\dimen193
\Gm@layoutwidth=\dimen194
\Gm@layoutheight=\dimen195
\Gm@layouthoffset=\dimen196
\Gm@layoutvoffset=\dimen197
\Gm@dimlist=\toks35
) (c:/texlive/2023/texmf-dist/tex/latex/changepage/changepage.sty
Package: changepage 2009/10/20 v1.0c check page and change page layout
\c@cp@cntr=\count324
\cp@tempcnt=\count325
LaTeX Info: Redefining \checkoddpage on input line 59.
) (c:/texlive/2023/texmf-dist/tex/latex/fancyhdr/fancyhdr.sty
Package: fancyhdr 2022/11/09 v4.1 Extensive control of page headers and footers
\f@nch@headwidth=\skip83
\f@nch@O@elh=\skip84
\f@nch@O@erh=\skip85
\f@nch@O@olh=\skip86
\f@nch@O@orh=\skip87
\f@nch@O@elf=\skip88
\f@nch@O@erf=\skip89
\f@nch@O@olf=\skip90
\f@nch@O@orf=\skip91
) (c:/texlive/2023/texmf-dist/tex/latex/natbib/natbib.sty
Package: natbib 2010/09/13 8.31b (PWD, AO)
\bibhang=\skip92
\bibsep=\skip93
LaTeX Info: Redefining \cite on input line 694.
\c@NAT@ctr=\count326
) (c:/texlive/2023/texmf-dist/tex/latex/tocloft/tocloft.sty
Package: tocloft 2017/08/31 v2.3i parameterised ToC, etc., typesetting
Package tocloft Info: The document has chapter divisions on input line 51.
\cftparskip=\skip94
\cftbeforetoctitleskip=\skip95
\cftaftertoctitleskip=\skip96
\cftbeforepartskip=\skip97
\cftpartnumwidth=\skip98
\cftpartindent=\skip99
\cftbeforechapskip=\skip100
\cftchapindent=\skip101
\cftchapnumwidth=\skip102
\cftbeforesecskip=\skip103
\cftsecindent=\skip104
\cftsecnumwidth=\skip105
\cftbeforesubsecskip=\skip106
\cftsubsecindent=\skip107
\cftsubsecnumwidth=\skip108
\cftbeforesubsubsecskip=\skip109
\cftsubsubsecindent=\skip110
\cftsubsubsecnumwidth=\skip111
\cftbeforeparaskip=\skip112
\cftparaindent=\skip113
\cftparanumwidth=\skip114
\cftbeforesubparaskip=\skip115
\cftsubparaindent=\skip116
\cftsubparanumwidth=\skip117
\cftbeforeloftitleskip=\skip118
\cftafterloftitleskip=\skip119
\cftbeforefigskip=\skip120
\cftfigindent=\skip121
\cftfignumwidth=\skip122
\c@lofdepth=\count327
\c@lotdepth=\count328
\cftbeforelottitleskip=\skip123
\cftafterlottitleskip=\skip124
\cftbeforetabskip=\skip125
\cfttabindent=\skip126
\cfttabnumwidth=\skip127
)
\@indexfile=\write4
\openout4 = `refman.idx'.


Writing index file refman.idx
(c:/texlive/2023/texmf-dist/tex/latex/newunicodechar/newunicodechar.sty
Package: newunicodechar 2018/04/08 v1.2 Defining Unicode characters
) (c:/texlive/2023/texmf-dist/tex/latex/hyperref/hyperref.sty
Package: hyperref 2023-10-21 v7.01c Hypertext links for LaTeX
 (c:/texlive/2023/texmf-dist/tex/generic/ltxcmds/ltxcmds.sty
Package: ltxcmds 2020-05-10 v1.25 LaTeX kernel commands for general use (HO)
) (c:/texlive/2023/texmf-dist/tex/generic/pdftexcmds/pdftexcmds.sty
Package: pdftexcmds 2020-06-27 v0.33 Utility functions of pdfTeX for LuaTeX (HO)
Package pdftexcmds Info: \pdf@primitive is available.
Package pdftexcmds Info: \pdf@ifprimitive is available.
Package pdftexcmds Info: \pdfdraftmode found.
) (c:/texlive/2023/texmf-dist/tex/latex/kvsetkeys/kvsetkeys.sty
Package: kvsetkeys 2022-10-05 v1.19 Key value parser (HO)
) (c:/texlive/2023/texmf-dist/tex/generic/kvdefinekeys/kvdefinekeys.sty
Package: kvdefinekeys 2019-12-19 v1.6 Define keys (HO)
) (c:/texlive/2023/texmf-dist/tex/generic/pdfescape/pdfescape.sty
Package: pdfescape 2019/12/09 v1.15 Implements pdfTeX's escape features (HO)
) (c:/texlive/2023/texmf-dist/tex/latex/hycolor/hycolor.sty
Package: hycolor 2020-01-27 v1.10 Color options for hyperref/bookmark (HO)
) (c:/texlive/2023/texmf-dist/tex/latex/letltxmacro/letltxmacro.sty
Package: letltxmacro 2019/12/03 v1.6 Let assignment for LaTeX macros (HO)
) (c:/texlive/2023/texmf-dist/tex/latex/auxhook/auxhook.sty
Package: auxhook 2019-12-17 v1.6 Hooks for auxiliary files (HO)
) (c:/texlive/2023/texmf-dist/tex/latex/hyperref/nameref.sty
Package: nameref 2023-10-05 v2.54 Cross-referencing by name of section
 (c:/texlive/2023/texmf-dist/tex/latex/refcount/refcount.sty
Package: refcount 2019/12/15 v3.6 Data extraction from label references (HO)
) (c:/texlive/2023/texmf-dist/tex/generic/gettitlestring/gettitlestring.sty
Package: gettitlestring 2019/12/15 v1.6 Cleanup title references (HO)
 (c:/texlive/2023/texmf-dist/tex/latex/kvoptions/kvoptions.sty
Package: kvoptions 2022-06-15 v3.15 Key value format for package options (HO)
))
\c@section@level=\count329
)
\@linkdim=\dimen198
\Hy@linkcounter=\count330
\Hy@pagecounter=\count331
 (c:/texlive/2023/texmf-dist/tex/latex/hyperref/pd1enc.def
File: pd1enc.def 2023-10-21 v7.01c Hyperref: PDFDocEncoding definition (HO)
Now handling font encoding PD1 ...
... no UTF-8 mapping file for font encoding PD1
)
\Hy@SavedSpaceFactor=\count332
 (c:/texlive/2023/texmf-dist/tex/latex/hyperref/puenc.def
File: puenc.def 2023-10-21 v7.01c Hyperref: PDF Unicode definition (HO)
Now handling font encoding PU ...
... no UTF-8 mapping file for font encoding PU
)
Package hyperref Info: Hyper figures OFF on input line 4168.
Package hyperref Info: Link nesting OFF on input line 4173.
Package hyperref Info: Hyper index ON on input line 4176.
Package hyperref Info: Plain pages OFF on input line 4183.
Package hyperref Info: Backreferencing ON on input line 4186.
Package hyperref Info: Implicit mode ON; LaTeX internals redefined.
Package hyperref Info: Bookmarks ON on input line 4435.
 (c:/texlive/2023/texmf-dist/tex/latex/hyperref/backref.sty
Package: backref 2023-08-01 v1.43 Bibliographical back referencing
 (c:/texlive/2023/texmf-dist/tex/latex/rerunfilecheck/rerunfilecheck.sty
Package: rerunfilecheck 2022-07-10 v1.10 Rerun checks for auxiliary files (HO)
 (c:/texlive/2023/texmf-dist/tex/latex/base/atveryend-ltx.sty
Package: atveryend-ltx 2020/08/19 v1.0a Emulation of the original atveryend package
with kernel methods
) (c:/texlive/2023/texmf-dist/tex/generic/uniquecounter/uniquecounter.sty
Package: uniquecounter 2019/12/15 v1.4 Provide unlimited unique counter (HO)
 (c:/texlive/2023/texmf-dist/tex/generic/bigintcalc/bigintcalc.sty
Package: bigintcalc 2019/12/15 v1.5 Expandable calculations on big integers (HO)
))
Package uniquecounter Info: New unique counter `rerunfilecheck' on input line 285.
))
\c@Hy@tempcnt=\count333
 (c:/texlive/2023/texmf-dist/tex/latex/url/url.sty
\Urlmuskip=\muskip16
Package: url 2013/09/16  ver 3.4  Verb mode for urls, etc.
)
LaTeX Info: Redefining \url on input line 4773.
\XeTeXLinkMargin=\dimen199
 (c:/texlive/2023/texmf-dist/tex/generic/bitset/bitset.sty
Package: bitset 2019/12/09 v1.3 Handle bit-vector datatype (HO)
)
\Fld@menulength=\count334
\Field@Width=\dimen256
\Fld@charsize=\dimen257
Package hyperref Info: Hyper figures OFF on input line 6052.
Package hyperref Info: Link nesting OFF on input line 6057.
Package hyperref Info: Hyper index ON on input line 6060.
Package hyperref Info: backreferencing ON on input line 6065.
Package hyperref Info: Link coloring OFF on input line 6072.
Package hyperref Info: Link coloring with OCG OFF on input line 6077.
Package hyperref Info: PDF/A mode OFF on input line 6082.
 (c:/texlive/2023/texmf-dist/tex/latex/base/atbegshi-ltx.sty
Package: atbegshi-ltx 2021/01/10 v1.0c Emulation of the original atbegshi
package with kernel methods
)
\Hy@abspage=\count335
\c@Item=\count336
\c@Hfootnote=\count337
)
Package hyperref Info: Driver: hpdftex.
 (c:/texlive/2023/texmf-dist/tex/latex/hyperref/hpdftex.def
File: hpdftex.def 2023-10-21 v7.01c Hyperref driver for pdfTeX
\Fld@listcount=\count338
\c@bookmark@seq@number=\count339
\Hy@SectionHShift=\skip128
)
Package hyperref Info: Option `colorlinks' set `true' on input line 187.
Package hyperref Info: Option `unicode' set `true' on input line 187.
 (c:/texlive/2023/texmf-dist/tex/latex/caption/caption.sty
Package: caption 2023/08/05 v3.6o Customizing captions (AR)
 (c:/texlive/2023/texmf-dist/tex/latex/caption/caption3.sty
Package: caption3 2023/07/31 v2.4d caption3 kernel (AR)
\caption@tempdima=\dimen258
\captionmargin=\dimen259
\caption@leftmargin=\dimen260
\caption@rightmargin=\dimen261
\caption@width=\dimen262
\caption@indent=\dimen263
\caption@parindent=\dimen264
\caption@hangindent=\dimen265
Package caption Info: Standard document class detected.
)
\c@caption@flags=\count340
\c@continuedfloat=\count341
Package caption Info: changepage package is loaded.
\caption@adjustwidth@hsize=\dimen266
\caption@adjustwidth@linewidth=\dimen267
Package caption Info: float package is loaded.
Package caption Info: hyperref package is loaded.
Package caption Info: longtable package is loaded.
 (c:/texlive/2023/texmf-dist/tex/latex/caption/ltcaption.sty
Package: ltcaption 2021/01/08 v1.4c longtable captions (AR)
)) (c:/texlive/2023/texmf-dist/tex/latex/etoc/etoc.sty
Package: etoc 2023/10/29 v1.2d Completely customisable TOCs (JFB)
\Etoc@toctoks=\toks36
\c@etoc@tocid=\count342
\etoc@framed@titlebox=\box121
\etoc@framed@contentsbox=\box122
)
LaTeX Font Info:    Trying to load font information for T1+phv on input line 209.
 (c:/texlive/2023/texmf-dist/tex/latex/psnfss/t1phv.fd
File: t1phv.fd 2020/03/25 scalable font definitions for T1/phv.
)
LaTeX Font Info:    Font shape `T1/phv/m/n' will be
(Font)              scaled to size 8.99994pt on input line 209.
 (c:/texlive/2023/texmf-dist/tex/latex/l3backend/l3backend-pdftex.def
File: l3backend-pdftex.def 2023-10-23 L3 backend support: PDF output (pdfTeX)
\l__color_backend_stack_int=\count343
\l__pdf_internal_box=\box123
) (./refman.aux

LaTeX Warning: Label `namespaceph_af3d9a169aefd59566a65991df5db6dbd' multiply defined.


LaTeX Warning: Label `namespaceph_af3d9a169aefd59566a65991df5db6dbd' multiply defined.


LaTeX Warning: Label `namespaceph_af3d9a169aefd59566a65991df5db6dbd' multiply defined.


LaTeX Warning: Label `namespaceph_af3d9a169aefd59566a65991df5db6dbd' multiply defined.


LaTeX Warning: Label `namespaceph_af3d9a169aefd59566a65991df5db6dbd' multiply defined.


LaTeX Warning: Label `namespaceph_af3d9a169aefd59566a65991df5db6dbd' multiply defined.


LaTeX Warning: Label `namespaceph_af3d9a169aefd59566a65991df5db6dbd' multiply defined.


LaTeX Warning: Label `namespaceph_af3d9a169aefd59566a65991df5db6dbd' multiply defined.


LaTeX Warning: Label `namespaceph_1_1os_a19b458c339590bd8d6525abd294ef2e7' multiply defined.


LaTeX Warning: Label `namespaceph_1_1os_a19b458c339590bd8d6525abd294ef2e7' multiply defined.


LaTeX Warning: Label `namespaceph_1_1os_a19b458c339590bd8d6525abd294ef2e7' multiply defined.


LaTeX Warning: Label `namespaceph_1_1os_a19b458c339590bd8d6525abd294ef2e7' multiply defined.


LaTeX Warning: Label `namespaceph_1_1os_a19b458c339590bd8d6525abd294ef2e7' multiply defined.


LaTeX Warning: Label `namespaceph_1_1os_a19b458c339590bd8d6525abd294ef2e7' multiply defined.


LaTeX Warning: Label `namespaceph_1_1os_a19b458c339590bd8d6525abd294ef2e7' multiply defined.


LaTeX Warning: Label `namespaceph_1_1os_a19b458c339590bd8d6525abd294ef2e7' multiply defined.


LaTeX Warning: Label `namespaceph_1_1string__utils_abecf2f015d2c6a55dc646154fd3202e2' multiply defined.


LaTeX Warning: Label `namespaceph_1_1string__utils_abecf2f015d2c6a55dc646154fd3202e2' multiply defined.

)
\openout1 = `refman.aux'.

LaTeX Font Info:    Checking defaults for OML/cmm/m/it on input line 209.
LaTeX Font Info:    ... okay on input line 209.
LaTeX Font Info:    Checking defaults for OMS/cmsy/m/n on input line 209.
LaTeX Font Info:    ... okay on input line 209.
LaTeX Font Info:    Checking defaults for OT1/cmr/m/n on input line 209.
LaTeX Font Info:    ... okay on input line 209.
LaTeX Font Info:    Checking defaults for T1/cmr/m/n on input line 209.
LaTeX Font Info:    ... okay on input line 209.
LaTeX Font Info:    Checking defaults for TS1/cmr/m/n on input line 209.
LaTeX Font Info:    ... okay on input line 209.
LaTeX Font Info:    Checking defaults for OMX/cmex/m/n on input line 209.
LaTeX Font Info:    ... okay on input line 209.
LaTeX Font Info:    Checking defaults for U/cmr/m/n on input line 209.
LaTeX Font Info:    ... okay on input line 209.
LaTeX Font Info:    Checking defaults for PD1/pdf/m/n on input line 209.
LaTeX Font Info:    ... okay on input line 209.
LaTeX Font Info:    Checking defaults for PU/pdf/m/n on input line 209.
LaTeX Font Info:    ... okay on input line 209.
 (c:/texlive/2023/texmf-dist/tex/context/base/mkii/supp-pdf.mkii
[Loading MPS to PDF converter (version 2006.09.02).]
\scratchcounter=\count344
\scratchdimen=\dimen268
\scratchbox=\box124
\nofMPsegments=\count345
\nofMParguments=\count346
\everyMPshowfont=\toks37
\MPscratchCnt=\count347
\MPscratchDim=\dimen269
\MPnumerator=\count348
\makeMPintoPDFobject=\count349
\everyMPtoPDFconversion=\toks38
) (c:/texlive/2023/texmf-dist/tex/latex/epstopdf-pkg/epstopdf-base.sty
Package: epstopdf-base 2020-01-24 v2.11 Base part for package epstopdf
Package epstopdf-base Info: Redefining graphics rule for `.eps' on input line 485.
 (c:/texlive/2023/texmf-dist/tex/latex/latexconfig/epstopdf-sys.cfg
File: epstopdf-sys.cfg 2010/07/13 v1.3 Configuration of (r)epstopdf for TeX Live
))
*geometry* driver: auto-detecting
*geometry* detected driver: pdftex
*geometry* verbose mode - [ preamble ] result:
* driver: pdftex
* paper: a4paper
* layout: <same size as paper>
* layoutoffset:(h,v)=(0.0pt,0.0pt)
* modes: twoside 
* h-part:(L,W,R)=(71.13188pt, 455.24411pt, 71.13188pt)
* v-part:(T,H,B)=(71.13188pt, 702.78308pt, 71.13188pt)
* \paperwidth=597.50787pt
* \paperheight=845.04684pt
* \textwidth=455.24411pt
* \textheight=702.78308pt
* \oddsidemargin=-1.1381pt
* \evensidemargin=-1.1381pt
* \topmargin=-31.2056pt
* \headheight=12.0pt
* \headsep=18.06749pt
* \topskip=10.0pt
* \footskip=25.29494pt
* \marginparwidth=125.0pt
* \marginparsep=7.0pt
* \columnsep=10.0pt
* \skip\footins=9.0pt plus 4.0pt minus 2.0pt
* \hoffset=0.0pt
* \voffset=0.0pt
* \mag=1000
* \@twocolumnfalse
* \@twosidetrue
* \@mparswitchtrue
* \@reversemarginfalse
* (1in=72.27pt=25.4mm, 1cm=28.453pt)

Package backref Info: ** backref set up for natbib ** on input line 209.
Package hyperref Info: Link coloring ON on input line 209.
(./refman.out) (./refman.out)
\@outlinefile=\write5
\openout5 = `refman.out'.

Package caption Info: Begin \AtBeginDocument code.
Package caption Info: End \AtBeginDocument code.
\Etoc@tf=\read4
Package hyperref Info: Option `pageanchor' set `false' on input line 217.
Package hyperref Info: Option `bookmarksnumbered' set `true' on input line 217.
Package hyperref Info: Option `unicode' set `true' on input line 217.
LaTeX Font Info:    Font shape `T1/phv/m/n' will be
(Font)              scaled to size 12.9599pt on input line 222.
LaTeX Font Info:    Font shape `T1/phv/m/n' will be
(Font)              scaled to size 10.79993pt on input line 223.
LaTeX Font Info:    Font shape `T1/phv/m/n' will be
(Font)              scaled to size 6.29996pt on input line 223.
LaTeX Font Info:    Trying to load font information for U+msa on input line 223.
 (c:/texlive/2023/texmf-dist/tex/latex/amsfonts/umsa.fd
File: umsa.fd 2013/01/14 v3.01 AMS symbols A
)
LaTeX Font Info:    Trying to load font information for U+msb on input line 223.
 (c:/texlive/2023/texmf-dist/tex/latex/amsfonts/umsb.fd
File: umsb.fd 2013/01/14 v3.01 AMS symbols B
)
LaTeX Font Info:    Trying to load font information for U+wasy on input line 223.
 (c:/texlive/2023/texmf-dist/tex/latex/wasysym/uwasy.fd
File: uwasy.fd 2020/01/19 v2.4 Wasy-2 symbol font definitions
) [1


{c:/texlive/2023/texmf-var/fonts/map/pdftex/updmap/pdftex.map}{c:/texlive/2023/texmf-dist/fonts/enc/dvips/base/8r.enc}] [2

]
\tf@toc=\write6
\openout6 = `refman.toc'.

LaTeX Font Info:    Font shape `T1/phv/b/n' will be
(Font)              scaled to size 8.99994pt on input line 231.
LaTeX Font Info:    Font shape `T1/phv/b/n' will be
(Font)              scaled to size 6.29996pt on input line 231.
 [1]
LaTeX Font Info:    Font shape `T1/phv/m/n' will be
(Font)              scaled to size 7.19995pt on input line 231.
LaTeX Font Info:    Trying to load font information for T1+pcr on input line 231.
 (c:/texlive/2023/texmf-dist/tex/latex/psnfss/t1pcr.fd
File: t1pcr.fd 2001/06/04 font definitions for T1/pcr.
) [2] [3] [4] [5] [6] [7] [8] [9] [10] [11] [12] [13] [14

]
Package hyperref Info: Option `pageanchor' set `true' on input line 234.
 (./index.tex
Chapter 1.
LaTeX Font Info:    Font shape `T1/phv/m/n' will be
(Font)              scaled to size 18.66588pt on input line 1.
LaTeX Font Info:    Font shape `T1/phv/b/n' will be
(Font)              scaled to size 18.66588pt on input line 1.
LaTeX Font Info:    Font shape `T1/phv/b/n' will be
(Font)              scaled to size 22.39185pt on input line 1.
) [1

] [2

]
Chapter 2.
(./namespaces.tex
LaTeX Font Info:    Font shape `T1/phv/b/n' will be
(Font)              scaled to size 12.9599pt on input line 1.
) [3] [4

]
Chapter 3.
(./concepts.tex) [5] [6

]
Chapter 4.
(./hierarchy.tex) [7] [8

]
Chapter 5.
(./annotated.tex) [9] [10

]
Chapter 6.
(./files.tex
LaTeX Font Info:    Trying to load font information for TS1+phv on input line 11.
 (c:/texlive/2023/texmf-dist/tex/latex/psnfss/ts1phv.fd
File: ts1phv.fd 2020/03/25 scalable font definitions for TS1/phv.
)
LaTeX Font Info:    Font shape `TS1/phv/m/n' will be
(Font)              scaled to size 8.99994pt on input line 11.
 [11]) [12]
Chapter 7.
(./namespaceph.tex
LaTeX Font Info:    Font shape `T1/phv/m/n' will be
(Font)              scaled to size 8.09995pt on input line 12.
LaTeX Font Info:    Font shape `T1/phv/m/it' in size <9> not available
(Font)              Font shape `T1/phv/m/sl' tried instead on input line 12.
LaTeX Font Info:    Font shape `T1/phv/m/sl' will be
(Font)              scaled to size 8.09995pt on input line 12.
LaTeX Font Info:    Font shape `T1/pcr/m/it' in size <9> not available
(Font)              Font shape `T1/pcr/m/sl' tried instead on input line 33.
LaTeX Font Info:    Font shape `T1/pcr/m/it' in size <7> not available
(Font)              Font shape `T1/pcr/m/sl' tried instead on input line 33.
 [13

] [14]
Overfull \hbox (18.20547pt too wide) in paragraph at lines 164--165
\T1/phv/m/n/10 auto [] (std[]::size[]_[]t num[]Bytes, std[]::size[]_[]t alignment[]In[]Bytes) -$\OML/cmm/m/it/10 >$ []$<$
 []

LaTeX Font Info:    Font shape `T1/phv/b/n' will be
(Font)              scaled to size 10.79993pt on input line 194.
[15] [16] [17] [18] [19]
LaTeX Font Info:    Font shape `T1/pcr/m/it' in size <8> not available
(Font)              Font shape `T1/pcr/m/sl' tried instead on input line 451.
LaTeX Font Info:    Font shape `T1/phv/b/n' will be
(Font)              scaled to size 7.19995pt on input line 467.
 [20]
Underfull \hbox (badness 10000) detected at line 529
[][][]
 []


Underfull \hbox (badness 10000) detected at line 532
[][][]
 []

[21]
Underfull \hbox (badness 10000) detected at line 546
[][][]
 []

[22]
Underfull \hbox (badness 10000) detected at line 602
[][][]
 []


Underfull \hbox (badness 10000) detected at line 616
[][][]
 []

) (./namespaceph_1_1detail.tex [23]
Underfull \hbox (badness 10000) detected at line 66
[][][]
 []


Underfull \hbox (badness 10000) detected at line 69
[][][]
 []

[24]
Underfull \hbox (badness 10000) detected at line 83
[][][]
 []

) (./namespaceph_1_1detail_1_1core__logging.tex [25]
Underfull \hbox (badness 10000) detected at line 37
[][][]
 []

[26]
Underfull \hbox (badness 10000) detected at line 60
[][][]
 []


Underfull \hbox (badness 10000) detected at line 83
[][][]
 []

) (./namespaceph_1_1detail_1_1stats.tex) (./namespaceph_1_1math.tex [27]) (./namespaceph_1_1os.tex [28]
Underfull \hbox (badness 10000) detected at line 83
[][][]
 []

[29]
Underfull \hbox (badness 10000) detected at line 96
[][][]
 []

) (./namespaceph_1_1string__utils.tex [30] [31] [32]
Underfull \hbox (badness 10000) detected at line 180
[][][]
 []

[33]
Underfull \hbox (badness 10000) detected at line 202
[][][]
 []


Underfull \hbox (badness 10000) detected at line 224
[][][]
 []

[34] [35]
Underfull \hbox (badness 10000) detected at line 349
[][][]
 []


Underfull \hbox (badness 10000) detected at line 352
[][][]
 []

[36]
Underfull \hbox (badness 10000) detected at line 375
[][][]
 []


Underfull \hbox (badness 10000) detected at line 378
[][][]
 []


Underfull \hbox (badness 10000) detected at line 401
[][][]
 []


Underfull \hbox (badness 10000) detected at line 404
[][][]
 []


Underfull \hbox (badness 10000) detected at line 418
[][][]
 []

[37]
Underfull \hbox (badness 10000) detected at line 437
[][][]
 []


Underfull \hbox (badness 10000) detected at line 456
[][][]
 []


Underfull \hbox (badness 10000) detected at line 475
[][][]
 []

[38]
Underfull \hbox (badness 10000) detected at line 494
[][][]
 []


Underfull \hbox (badness 10000) detected at line 513
[][][]
 []

) (./namespaceph_1_1string__utils_1_1detail__from__to__char.tex) (./namespaceph_1_1string__utils_1_1table.tex [39]
Underfull \hbox (badness 10000) in paragraph at lines 66--67
\T1/pcr/m/n/8 std[]::string[]_[]view ph[]::string[]_[]utils[]::table[]::standard[]_[]whitespaces = " \n\r\t\v\f" [inline],
 []

) [40]
Chapter 8.
(./conceptph_1_1_c_photon_exception.tex) (./conceptph_1_1detail_1_1_c_permissive_implicit_lifetime.tex) (./conceptph_1_1string__utils_1_1_c_has_to_string.tex) [41

] [42

]
Chapter 9.
(./structph_1_1detail_1_1_aligned_memory_deleter.tex) (./classph_1_1_command_line_arguments.tex [43]
Underfull \hbox (badness 10000) detected at line 60
[][][]
 []

[44] [45]) (./classph_1_1_config.tex) (./classph_1_1_file_i_o_error.tex [46] <./classph_1_1_file_i_o_error.pdf>
<classph_1_1_file_i_o_error.pdf, id=3679, 501.875pt x 577.69826pt>
File: classph_1_1_file_i_o_error.pdf Graphic file (type pdf)
<use classph_1_1_file_i_o_error.pdf>
Package pdftex.def Info: classph_1_1_file_i_o_error.pdf  used on input line 10.
(pdftex.def)             Requested size: 98.87225pt x 113.81102pt.
 [47]) (./classph_1_1_filesystem_error.tex <./classph_1_1_filesystem_error.pdf>
<classph_1_1_filesystem_error.pdf, id=3716, 501.875pt x 577.69826pt>
File: classph_1_1_filesystem_error.pdf Graphic file (type pdf)
<use classph_1_1_filesystem_error.pdf>
Package pdftex.def Info: classph_1_1_filesystem_error.pdf  used on input line 10.
(pdftex.def)             Requested size: 98.87225pt x 113.81102pt.
 [48]) (./structph_1_1_timer_stats_report_1_1_grouped_time_record.tex [49]) (./structph_1_1detail_1_1_heterogeneous_string_hash.tex [50]) (./classph_1_1_illegal_operation_exception.tex <./classph_1_1_illegal_operation_exception.pdf>
<classph_1_1_illegal_operation_exception.pdf, id=3780, 501.875pt x 327.31284pt>
File: classph_1_1_illegal_operation_exception.pdf Graphic file (type pdf)
<use classph_1_1_illegal_operation_exception.pdf>
Package pdftex.def Info: classph_1_1_illegal_operation_exception.pdf  used on input line 10.
(pdftex.def)             Requested size: 130.88263pt x 85.35826pt.
 [51]) (./classph_1_1_ini_file.tex [52] [53] [54]) (./classph_1_1_invalid_argument_exception.tex [55] <./classph_1_1_invalid_argument_exception.pdf>
<classph_1_1_invalid_argument_exception.pdf, id=3876, 501.875pt x 323.78966pt>
File: classph_1_1_invalid_argument_exception.pdf Graphic file (type pdf)
<use classph_1_1_invalid_argument_exception.pdf>
Package pdftex.def Info: classph_1_1_invalid_argument_exception.pdf  used on input line 10.
(pdftex.def)             Requested size: 132.30702pt x 85.35826pt.
) (./classph_1_1_i_o_exception.tex [56] <./classph_1_1_i_o_exception.pdf>
<classph_1_1_i_o_exception.pdf, id=3899, 501.875pt x 288.84912pt>
File: classph_1_1_i_o_exception.pdf Graphic file (type pdf)
<use classph_1_1_i_o_exception.pdf>
Package pdftex.def Info: classph_1_1_i_o_exception.pdf  used on input line 10.
(pdftex.def)             Requested size: 197.7445pt x 113.81102pt.
) (./classph_1_1_logger.tex [57] [58]) (./structph_1_1_log_group.tex) (./classph_1_1_log_groups.tex [59] [60]) (./classph_1_1_logical_exception.tex <./classph_1_1_logical_exception.pdf>
<classph_1_1_logical_exception.pdf, id=3989, 501.875pt x 75.66267pt>
File: classph_1_1_logical_exception.pdf Graphic file (type pdf)
<use classph_1_1_logical_exception.pdf>
Package pdftex.def Info: classph_1_1_logical_exception.pdf  used on input line 15.
(pdftex.def)             Requested size: 398.33012pt x 60.05095pt.
 [61]) (./classph_1_1_numeric_exception.tex <./classph_1_1_numeric_exception.pdf>
<classph_1_1_numeric_exception.pdf, id=4007, 501.875pt x 546.2608pt>
File: classph_1_1_numeric_exception.pdf Graphic file (type pdf)
<use classph_1_1_numeric_exception.pdf>
Package pdftex.def Info: classph_1_1_numeric_exception.pdf  used on input line 10.
(pdftex.def)             Requested size: 104.56213pt x 113.81102pt.
 [62]) (./classph_1_1_out_of_range_exception.tex <./classph_1_1_out_of_range_exception.pdf>
<classph_1_1_out_of_range_exception.pdf, id=4031, 501.875pt x 365.00366pt>
File: classph_1_1_out_of_range_exception.pdf Graphic file (type pdf)
<use classph_1_1_out_of_range_exception.pdf>
Package pdftex.def Info: classph_1_1_out_of_range_exception.pdf  used on input line 10.
(pdftex.def)             Requested size: 117.36629pt x 85.35826pt.
) (./classph_1_1_overflow_exception.tex [63] <./classph_1_1_overflow_exception.pdf>
<classph_1_1_overflow_exception.pdf, id=4055, 501.875pt x 546.2608pt>
File: classph_1_1_overflow_exception.pdf Graphic file (type pdf)
<use classph_1_1_overflow_exception.pdf>
Package pdftex.def Info: classph_1_1_overflow_exception.pdf  used on input line 10.
(pdftex.def)             Requested size: 104.56213pt x 113.81102pt.
) (./classph_1_1_runtime_exception.tex <./classph_1_1_runtime_exception.pdf>
<classph_1_1_runtime_exception.pdf, id=4070, 501.875pt x 182.09029pt>
File: classph_1_1_runtime_exception.pdf Graphic file (type pdf)
<use classph_1_1_runtime_exception.pdf>
Package pdftex.def Info: classph_1_1_runtime_exception.pdf  used on input line 15.
(pdftex.def)             Requested size: 313.68642pt x 113.81102pt.
 [64]) (./structph_1_1detail_1_1stats_1_1_scoped_timer.tex [65] [66]) (./structph_1_1detail_1_1stats_1_1_time_counter.tex [67]) (./structph_1_1_timer_stats_report_1_1_time_record.tex [68]) (./classph_1_1_timer_stats_report.tex [69]) (./classph_1_1_timestamp.tex [70] [71]) (./classph_1_1_uninitialized_object_exception.tex <./classph_1_1_uninitialized_object_exception.pdf>
<classph_1_1_uninitialized_object_exception.pdf, id=4219, 501.875pt x 302.64067pt>
File: classph_1_1_uninitialized_object_exception.pdf Graphic file (type pdf)
<use classph_1_1_uninitialized_object_exception.pdf>
Package pdftex.def Info: classph_1_1_uninitialized_object_exception.pdf  used on input line 10.
(pdftex.def)             Requested size: 141.5502pt x 85.35826pt.
 [72]) [73] [74

]
Chapter 10.
(./namespace__ph_8dox.tex) (./namespace__ph__detail_8dox.tex) (./namespace__ph__detail__core__logging_8dox.tex) (./namespace__ph__string__utils_8dox.tex) (./assertion_8h.tex
Underfull \hbox (badness 10000) in paragraph at lines 3--6

 []

[75]
Overfull \hbox (145.73128pt too wide) in paragraph at lines 42--43
[]\T1/phv/m/n/10 #define [](Dependent[]Type, mes-sage)  static[]_[]assert([]$\OML/cmm/m/it/10 <$\T1/phv/m/n/10 Dependent[]
 []

[76]
Underfull \hbox (badness 10000) in paragraph at lines 69--70
|   \T1/pcr/m/sl/8 b\T1/pcr/m/n/8 )  [](a == b, std[]::string(#a) + " = " + std[]::to[]_[]string(a) + ", " +
 []


Underfull \hbox (badness 10000) in paragraph at lines 75--76
|   \T1/pcr/m/sl/8 b\T1/pcr/m/n/8 )  [](a $\OML/cmm/m/it/8 >$\T1/pcr/m/n/8 = b, std[]::string(#a) + " = " + std[]::to[]_[]string(a) + ", " +
 []


Underfull \hbox (badness 10000) in paragraph at lines 81--82
|   \T1/pcr/m/sl/8 b\T1/pcr/m/n/8 )  [](a $\OML/cmm/m/it/8 >$ \T1/pcr/m/n/8 b, std[]::string(#a) + " = " + std[]::to[]_[]string(a) + ", " + #b
 []


Underfull \hbox (badness 10000) in paragraph at lines 87--88
|   \T1/pcr/m/sl/8 end\T1/pcr/m/n/8 )  [](begin $\OML/cmm/m/it/8 <$\T1/pcr/m/n/8 = value && value $\OML/cmm/m/it/8 <$ \T1/pcr/m/n/8 end, [](value,
 []


Overfull \hbox (80.4841pt too wide) in paragraph at lines 97--98
|   \T1/pcr/m/sl/8 upper[]Bound\T1/pcr/m/n/8 )  [](lower[]Bound $\OML/cmm/m/it/8 <$ \T1/pcr/m/n/8 value && value $\OML/cmm/m/it/8 <$ \T1/pcr/m/n/8 upper[]Bound, [](value,
 []


Overfull \hbox (90.0841pt too wide) in paragraph at lines 107--108
|   \T1/pcr/m/sl/8 upper[]Bound\T1/pcr/m/n/8 )  [](lower[]Bound $\OML/cmm/m/it/8 <$\T1/pcr/m/n/8 = value && value $\OML/cmm/m/it/8 <$\T1/pcr/m/n/8 = upper[]Bound, [](value,
 []

[77]
Underfull \hbox (badness 10000) in paragraph at lines 117--118
|   \T1/pcr/m/sl/8 b\T1/pcr/m/n/8 )  [](a $\OML/cmm/m/it/8 <$\T1/pcr/m/n/8 = b, std[]::string(#a) + " = " + std[]::to[]_[]string(a) + ", " +
 []


Underfull \hbox (badness 10000) in paragraph at lines 123--124
|   \T1/pcr/m/sl/8 b\T1/pcr/m/n/8 )  [](a $\OML/cmm/m/it/8 <$ \T1/pcr/m/n/8 b, std[]::string(#a) + " = " + std[]::to[]_[]string(a) + ", " + #b
 []


Underfull \hbox (badness 10000) in paragraph at lines 135--136
|   \T1/pcr/m/sl/8 b\T1/pcr/m/n/8 )  [](a != b, std[]::string(#a) + " = " + std[]::to[]_[]string(a) + ", " +
 []

[78]) (./assertion_8h_source.tex [79]) (./compiler_8h.tex [80]) (./compiler_8h_source.tex) (./config_8h.tex
Underfull \hbox (badness 10000) in paragraph at lines 3--5

 []

[81]
Underfull \hbox (badness 7981) in paragraph at lines 38--39
[]\T1/phv/m/n/10 #define [] (static[]_[]cast$\OML/cmm/m/it/10 <$\T1/phv/m/n/10 std[]::size[]_[]t$\OML/cmm/m/it/10 >$\T1/phv/m/n/10 (512) $\OMS/cmsy/m/n/10 ^^C$
 []

[82]
LaTeX Font Info:    Font shape `TS1/phv/m/it' in size <9> not available
(Font)              Font shape `TS1/phv/m/sl' tried instead on input line 81.
LaTeX Font Info:    Font shape `TS1/phv/m/sl' will be
(Font)              scaled to size 8.09995pt on input line 81.
 [83] [84] [85] [86]) (./config_8h_source.tex [87]) (./_ini_file_8h.tex
Underfull \hbox (badness 10000) in paragraph at lines 3--10

 []

[88]) (./_ini_file_8h_source.tex [89]) (./detail_8h.tex
Underfull \hbox (badness 10000) in paragraph at lines 3--7

 []

[90]) (./detail_8h_source.tex) (./_std_unordered_string_set_8h.tex
Underfull \hbox (badness 10000) in paragraph at lines 3--5

 []

[91]) (./_std_unordered_string_set_8h_source.tex) (./_t_std_unordered_string_map_8h.tex
Underfull \hbox (badness 10000) in paragraph at lines 3--5

 []

) (./_t_std_unordered_string_map_8h_source.tex [92]) (./debug_8h.tex
Underfull \hbox (badness 10000) in paragraph at lines 3--4

 []

) (./debug_8h_source.tex) (./exceptions_8h.tex
Underfull \hbox (badness 10000) in paragraph at lines 3--9

 []

[93]) (./exceptions_8h_source.tex [94] [95]) (./io__exceptions_8h.tex
Underfull \hbox (badness 10000) in paragraph at lines 3--8

 []

) (./io__exceptions_8h_source.tex [96]) (./_e_log_level_8h.tex
Underfull \hbox (badness 10000) in paragraph at lines 3--4

 []

[97]) (./_e_log_level_8h_source.tex) (./_logger_8h.tex
Underfull \hbox (badness 10000) in paragraph at lines 3--9

 []

) (./_logger_8h_source.tex [98]) (./logger__fwd_8h.tex
Underfull \hbox (badness 10000) in paragraph at lines 3--5

 []

) (./logger__fwd_8h_source.tex [99]) (./logging_8h.tex
Underfull \hbox (badness 10000) in paragraph at lines 8--16

 []

[100]
Overfull \hbox (41.30418pt too wide) in paragraph at lines 43--44
[]\T1/phv/m/n/10 #define [](group[]Name, cat-e-gory) [](group[]
 []


Overfull \hbox (23.96321pt too wide) in paragraph at lines 57--59
[]\T1/phv/m/n/10 #define [](group[]Name, level, raw[]String) [](group[]
 []


Overfull \hbox (24.59471pt too wide) in paragraph at lines 59--60
[]\T1/phv/m/n/10 #define [](group[]Name, level, format[]String, ...) [](group[]
 []


Underfull \hbox (badness 2556) in paragraph at lines 88--89
[]\T1/phv/m/n/10 std[]::size[]_[]t [] (std[]::string[]_[]view group[]Name, std[]::string[]_[]view cat-e-
 []

[101] [102]
Underfull \hbox (badness 10000) detected at line 158
[][][]
 []

[103]
Underfull \hbox (badness 10000) in paragraph at lines 247--248
|   \T1/pcr/m/n/8 ...) [](group[]Name, level, format[]String, []_[][]_[][]VA[]_[][]
 []

[104]) (./logging_8h_source.tex [105] [106] [107]) (./macro_8h.tex [108]) (./macro_8h_source.tex [109]) (./math__basics_8h.tex
Underfull \hbox (badness 10000) in paragraph at lines 8--13

 []

) (./math__basics_8h_source.tex [110]) (./memory_8h.tex
Underfull \hbox (badness 10000) in paragraph at lines 8--12

 []

[111]
Overfull \hbox (33.21707pt too wide) in paragraph at lines 36--37
\T1/phv/m/n/10 auto [] (std[]::size[]_[]t num[]Bytes, std[]::size[]_[]t alignment[]In[]Bytes) -$\OML/cmm/m/it/10 >$ []$<$
 []

) (./memory_8h_source.tex [112]) (./memory_8ipp.tex
Underfull \hbox (badness 10000) in paragraph at lines 3--11

 []

[113]
Overfull \hbox (33.21707pt too wide) in paragraph at lines 26--27
\T1/phv/m/n/10 auto [] (std[]::size[]_[]t num[]Bytes, std[]::size[]_[]t alignment[]In[]Bytes) -$\OML/cmm/m/it/10 >$ []$<$
 []

) (./memory_8ipp_source.tex [114] [115]) (./os_8h.tex
Underfull \hbox (badness 10000) in paragraph at lines 8--10

 []

[116]) (./os_8h_source.tex [117]) (./primitive__type_8h.tex
Underfull \hbox (badness 10000) in paragraph at lines 3--6

 []

[118]) (./primitive__type_8h_source.tex [119]) (./profiling_8h.tex
Underfull \hbox (badness 10000) in paragraph at lines 8--11

 []

[120]) (./profiling_8h_source.tex [121]) (./stats_8h.tex
Underfull \hbox (badness 10000) in paragraph at lines 3--9

 []

[122]
Overfull \hbox (44.40935pt too wide) in paragraph at lines 38--40
[]\T1/phv/m/n/10 #define [](stat[]Name, category[]Name)  [](stat[]
 []

) (./stats_8h_source.tex [123] [124]) (./lib__tracy_8h.tex) (./lib__tracy_8h_source.tex) (./utility_8h.tex
Underfull \hbox (badness 10000) in paragraph at lines 3--10

 []

[125]) (./utility_8h_source.tex [126]) (./utility_8ipp.tex
Underfull \hbox (badness 10000) in paragraph at lines 3--9

 []

[127]) (./utility_8ipp_source.tex [128] [129]) (./_command_line_arguments_8h.tex
Underfull \hbox (badness 10000) in paragraph at lines 3--8

 []

) (./_command_line_arguments_8h_source.tex [130]) (./string__utils_8h.tex [131]
Underfull \hbox (badness 10000) in paragraph at lines 8--23

 []


Overfull \hbox (161.52255pt too wide) in paragraph at lines 44--45
[]\T1/phv/m/n/10 #define [](...)  []([]
 []

[132] [133] [134]) (./string__utils_8h_source.tex [135] [136] [137] [138] [139] [140]) (./string__utils__table_8h.tex
Underfull \hbox (badness 10000) in paragraph at lines 3--5

 []

) (./string__utils__table_8h_source.tex [141] [142]) (./_timestamp_8h.tex
Underfull \hbox (badness 10000) in paragraph at lines 3--6

 []

) (./_timestamp_8h_source.tex [143]) (./_r_e_a_d_m_e_8md.tex) (./assertion_8cpp.tex
Underfull \hbox (badness 10000) in paragraph at lines 3--8

 []

) (./config_8cpp.tex
Underfull \hbox (badness 10000) in paragraph at lines 3--5

 []

) (./_ini_file_8cpp.tex
Underfull \hbox (badness 10000) in paragraph at lines 3--7

 []

[144]) (./debug_8cpp.tex
Underfull \hbox (badness 10000) in paragraph at lines 3--8

 []

) (./exception_8cpp.tex
Underfull \hbox (badness 10000) in paragraph at lines 3--4

 []

) (./_logger_8cpp.tex
Underfull \hbox (badness 10000) in paragraph at lines 3--11

 []

[145]) (./logging_8cpp.tex
Underfull \hbox (badness 10000) in paragraph at lines 3--14

 []


Underfull \hbox (badness 2556) in paragraph at lines 32--33
[]\T1/phv/m/n/10 std[]::size[]_[]t [] (std[]::string[]_[]view group[]Name, std[]::string[]_[]view cat-e-
 []

[146]) (./memory_8cpp.tex
Underfull \hbox (badness 10000) in paragraph at lines 3--7

 []

) (./os_8cpp.tex
Underfull \hbox (badness 10000) in paragraph at lines 3--7

 []

[147]) (./profiling_8cpp.tex) (./stats_8cpp.tex
Underfull \hbox (badness 10000) in paragraph at lines 3--1

 []


Underfull \hbox (badness 10000) in paragraph at lines 3--9

 []

) (./utility_8cpp.tex
Underfull \hbox (badness 10000) in paragraph at lines 3--5

 []

) (./_command_line_arguments_8cpp.tex
Underfull \hbox (badness 10000) in paragraph at lines 3--6

 []

[148]) (./_timestamp_8cpp.tex
Underfull \hbox (badness 10000) in paragraph at lines 3--9

 []

) [149] [150

] (./refman.ind
LaTeX Font Info:    Font shape `T1/phv/m/n' will be
(Font)              scaled to size 22.39185pt on input line 1.

Overfull \hbox (48.94164pt too wide) in paragraph at lines 84--86
[]| \T1/phv/m/n/10 PH_ENSURE_LOCKFREE_ALGORITHMS_ARE_LOCKLESS,
 []


Overfull \hbox (46.3317pt too wide) in paragraph at lines 90--92
[]| \T1/phv/m/n/10 PH_MEMORY_ARENA_DEFAULT_BLOCK_SIZE_IN_BYTES,
 []


Overfull \hbox (24.31833pt too wide) in paragraph at lines 93--95
[]| \T1/phv/m/n/10 PH_PRINT_STACK_TRACE_ON_ASSERTION_FAILED,
 []


Overfull \hbox (25.9743pt too wide) in paragraph at lines 106--108
[]| \T1/phv/m/n/10 PH_SPECTRUM_SAMPLED_MAX_WAVELENGTH_NM,
 []


Overfull \hbox (22.96835pt too wide) in paragraph at lines 108--110
[]| \T1/phv/m/n/10 PH_SPECTRUM_SAMPLED_MIN_WAVELENGTH_NM,
 []

[151


]
Underfull \hbox (badness 10000) in paragraph at lines 110--111
[]| \T1/phv/m/n/10 PH_SPECTRUM_SAMPLED_NUM_SAMPLES,
 []


Overfull \hbox (38.78119pt too wide) in paragraph at lines 111--113
[]| \T1/phv/m/n/10 PH_STRICT_ASYMMETRIC_IMPORTANCE_TRANSPORT,
 []

[152]
Underfull \hbox (badness 10000) in paragraph at lines 244--246
[]\T1/phv/m/n/10 Include/Common/Container/StdUnorderedStringSet.h,
 []


Underfull \hbox (badness 10000) in paragraph at lines 267--269
[]\T1/phv/m/n/10 Include/Common/Utility/CommandLineArguments.h,
 []


Underfull \hbox (badness 10000) in paragraph at lines 327--328
[]| \T1/phv/m/n/10 PH_DEFAULT_DEBUG_LOG_STRING_ONCE,
 []


Underfull \hbox (badness 10000) in paragraph at lines 337--338
[]| \T1/phv/m/n/10 PH_LOG_RAW_STRING_TO_CORE_LOGGER,
 []

[153] [154] [155] [156]
Overfull \hbox (55.41031pt too wide) in paragraph at lines 758--759
[]\T1/phv/m/n/10 PH_DEFINE_INLINE_TO_STRING_FORMATTER_SPECIALIZATION 
 []


Overfull \hbox (29.40094pt too wide) in paragraph at lines 760--761
[]\T1/phv/m/n/10 PH_DEFINE_INLINE_TO_STRING_FORMATTER_TEMPLATE 
 []


Overfull \hbox (26.43974pt too wide) in paragraph at lines 777--778
[]\T1/phv/m/n/10 PH_ENSURE_LOCKFREE_ALGORITHMS_ARE_LOCKLESS 
 []


Overfull \hbox (23.8298pt too wide) in paragraph at lines 797--798
[]\T1/phv/m/n/10 PH_MEMORY_ARENA_DEFAULT_BLOCK_SIZE_IN_BYTES 
 []

[157]
Overfull \hbox (16.2793pt too wide) in paragraph at lines 857--858
[]\T1/phv/m/n/10 PH_STRICT_ASYMMETRIC_IMPORTANCE_TRANSPORT 
 []


Underfull \hbox (badness 10000) in paragraph at lines 936--938
[]\T1/phv/m/n/10 Source/Common/Utility/CommandLineArguments.cpp,
 []

[158]
Overfull \hbox (77.9122pt too wide) in paragraph at lines 959--961
[]| \T1/phv/m/n/10 PH_DEFINE_INLINE_TO_STRING_FORMATTER_SPECIALIZATION,
 []


Overfull \hbox (51.90283pt too wide) in paragraph at lines 961--963
[]| \T1/phv/m/n/10 PH_DEFINE_INLINE_TO_STRING_FORMATTER_TEMPLATE,
 []

[159]) (./refman.aux)
 ***********
LaTeX2e <2023-06-01> patch level 1
L3 programming layer <2023-10-23>
 ***********


LaTeX Warning: There were multiply-defined labels.

Package rerunfilecheck Info: File `refman.out' has not changed.
(rerunfilecheck)             Checksum: DA25AB123893C80E02CAEE3B45C1AB72;122163.
 ) 
Here is how much of TeX's memory you used:
 21083 strings out of 474397
 377592 string characters out of 5754184
 1975036 words of memory out of 5000000
 41204 multiletter control sequences out of 15000+600000
 618673 words of font info for 117 fonts, out of 8000000 for 9000
 1141 hyphenation exceptions out of 8191
 101i,16n,117p,848b,743s stack positions out of 10000i,1000n,20000p,200000b,200000s
<c:/texlive/2023/texmf-dist/fonts/type1/public/amsfonts/cm/cmmi10.pfb><c:/texlive/2023/texmf-dist/fonts/type1/public/amsfonts/cm/cmmi7.pfb><c:/texlive/2023/texmf-dist/fonts/type1/public/amsfonts/cm/cmmi8.pfb><c:/texlive/2023/texmf-dist/fonts/type1/public/amsfonts/cm/cmmi9.pfb><c:/texlive/2023/texmf-dist/fonts/type1/public/amsfonts/cm/cmsy10.pfb><c:/texlive/2023/texmf-dist/fonts/type1/public/amsfonts/cm/cmsy7.pfb><c:/texlive/2023/texmf-dist/fonts/type1/public/amsfonts/cm/cmsy8.pfb><c:/texlive/2023/texmf-dist/fonts/type1/public/amsfonts/cm/cmsy9.pfb><c:/texlive/2023/texmf-dist/fonts/type1/urw/courier/ucrb8a.pfb><c:/texlive/2023/texmf-dist/fonts/type1/urw/courier/ucrr8a.pfb><c:/texlive/2023/texmf-dist/fonts/type1/urw/courier/ucrro8a.pfb><c:/texlive/2023/texmf-dist/fonts/type1/urw/helvetic/uhvb8a.pfb><c:/texlive/2023/texmf-dist/fonts/type1/urw/helvetic/uhvb8ac.pfb><c:/texlive/2023/texmf-dist/fonts/type1/urw/helvetic/uhvr8a.pfb><c:/texlive/2023/texmf-dist/fonts/type1/urw/helvetic/uhvro8a.pfb>
Output written on refman.pdf (175 pages, 632029 bytes).
PDF statistics:
 6944 PDF objects out of 7423 (max. 8388607)
 6638 compressed objects within 67 object streams
 1349 named destinations out of 1440 (max. 500000)
 4312 words of extra memory for PDF output out of 10000 (max. 10000000)

